<?xml version="1.0" encoding="UTF-8"?>
<!-- Generated by org.testng.reporters.JUnitReportReporter -->
<testsuite hostname="MR-AHADUZZAMAN2" failures="0" tests="1" name="appiumTest.appiumBasic" time="12.120" errors="0" timestamp="2022-11-08T16:37:30 BDT" skipped="0">
  <testcase classname="appiumTest.appiumBasic" name="WifiSettingsName" time="12.120"/>
  <system-out/>
</testsuite> <!-- appiumTest.appiumBasic -->
