<?xml version="1.0" encoding="UTF-8"?>
<!-- Generated by org.testng.reporters.JUnitReportReporter -->
<testsuite hostname="MR-AHADUZZAMAN2" failures="0" tests="1" name="AhadDemo.appium.appiumBasic" time="18.313" errors="0" timestamp="2022-10-23T14:54:10 BDT" skipped="0">
  <testcase classname="AhadDemo.appium.appiumBasic" name="AppiumTest" time="18.313"/>
  <system-out/>
</testsuite> <!-- AhadDemo.appium.appiumBasic -->
