<?xml version="1.0" encoding="UTF-8"?>
<!-- Generated by org.testng.reporters.JUnitReportReporter -->
<testsuite hostname="MR-AHADUZZAMAN2" failures="0" tests="1" name="appiumTest.LongPress" time="12.069" errors="0" timestamp="2022-11-09T19:01:29 BDT" skipped="0">
  <testcase classname="appiumTest.LongPress" name="WifiSettingsName" time="12.069"/>
  <system-out/>
</testsuite> <!-- appiumTest.LongPress -->
